<?xml version="1.0" encoding="UTF-8"?>
<!-- Generated by org.testng.reporters.JUnitXMLReporter -->
<testsuite hostname="DESKTOP-R2TT8OE" name="Test" tests="3" failures="1" timestamp="4 Apr 2019 04:12:54 GMT" time="19.08" errors="0">
  <testcase name="TestToFail" time="0.023" classname="testNG_Listners.Test">
    <failure type="java.lang.AssertionError" message="expected [true] but found [false]">
      <![CDATA[java.lang.AssertionError: expected [true] but found [false]
	at testNG_Listners.Test.TestToFail(Test.java:28)
... Removed 28 stack frames]]>
    </failure>
  </testcase> <!-- TestToFail -->
  <testcase name="setUp" time="17.848" classname="testNG_Listners.Test"/>
  <testcase name="teardown" time="1.162" classname="testNG_Listners.Test"/>
</testsuite> <!-- Test -->
